-------------------------------------------------------------------------------
Test set: io.ssrl.UtilsArrayTest
-------------------------------------------------------------------------------
Tests run: 4003, Failures: 0, Errors: 1, Skipped: 0, Time elapsed: 0.773 s <<< FAILURE! - in io.ssrl.UtilsArrayTest
io.ssrl.UtilsArrayTest.randomStringToIntArray  Time elapsed: 0 s  <<< ERROR!
java.lang.NumberFormatException: For input string: ""
	at io.ssrl.UtilsArrayTest.randomStringToIntArray(UtilsArrayTest.java:39)

