<?xml version="1.0" encoding="UTF-8"?>
<testsuite xmlns:xsi="http://www.w3.org/2001/XMLSchema-instance" xsi:noNamespaceSchemaLocation="https://maven.apache.org/surefire/maven-surefire-plugin/xsd/surefire-test-report-3.0.xsd" version="3.0" name="io.ssrl.AppTest" time="0.331" tests="11" errors="0" skipped="0" failures="0">
  <properties>
[...]
</properties>
  <testcase name="testAppRandomArrays" classname="io.ssrl.AppTest" time="0.045">
    <system-out><![CDATA[ ~ Unione di due array, senza duplicati.

~$ Primo array:
[436 452 110 115 390 372 164 15 79 388 583 115 311 475 210 173 342 148 595 441 337 498 287 75 557 505 540 484 516 122 284 519 47 72 85 597 565 443 561 537 574 332 48 514 416 166 195 530 143 31 85 298 319 122 405 140 191 31 486 451 595 248 103 567 438 119 108 28 349 356 20 333 547 161 173 292 484 480 540 402 102 592 478 271 242 116 380 339 424 237 308 502 451 10 86 400 148 111 530 589 43 224 258 243 503 95 541 106 357 285 264 388 341 374 268 346 286 30 254 363 284 53 78 395 558 443 235 529 361 212 580 592 66 95 472 77 98 330 487 254 586 405 459 193 321 531 9 106 144 90 94 485 234 567 151 325 504 336 448 59 221 84 493 501 70 446 348 370 470 1 301 478 266 113 134 271 85 452 492 82 360 481 316 233 25 42 238 230 437 228 224 484 411 401 318 136 454 534 178 433 18 541 566 332 486 201 528 124 196 317 576 88 418 78 282 450 8 104 23 40 293 538 408 471 346 36 190 268 547 422 225 112 422 302 242 162 425 456 369 9 509 553 209 230 238 71 584 311 278 374 482 580 356 366 4 211 411 425 191 602 93 321 596 228 596 525 481 163 543 475 411 480 329 183 9 406 488 275 164 7 412 575 15 262 442 295 17 423 366 479 61 431 52 508 169 240 285 239 468 44 18 112 125 153 363 467 210 398 204 389 4 375 171 16 365 593 244 266 294 521 100 259 89 539 488 212 29 301 163 456 65 104 488 572 32 118 138 585 73 375 530 482 249 183 88 526 287 45 82 590 207 187 332 458 438 428 107 577 60 204 205 223 199 599 123 77 200 88 575 509 571 31 554 95 506 257 430 137 141 430 335 12 416 583 433 267 364 228 186 264 265 603 152 591 65 19 605 421 174 284 77 389 58 397 470 239 214 484 78 60 499 479 393 382 50 420 441 68 417 392 380 242 439 444 429 12 146 476 331 261 182 169 321 130 286 337 542 372 603 91 447 481 568 547 25 65 390 238 470 438 164 276 153 386 580 548 217 26 257 571 417 318 115 59 175 464 288 313 122 299 465 491 369 186 23 93 577 212 204 3 393 249 541 408 74 475 322 578 9 133 261 443 538 520 374 457 494 369 411 448 11 237 411 565 119 298 213 432 170 150 9 474 173 25 72 297 536 575 282 367 484 225 0 47 89 430 303 96 80 101 67 40 91 461 403 105 591 297 523 255 239 206 464 510 549 403 0 339 11 3 171 356 73 215 520 339 552 595 269 416 124 25 550 403]
~$ Secondo array:
[336 941 63 315 800 156 937 217 927 422 250 454 345 356 314 11 582 187 264 228 248 570 573 756 119 932 503 676 757 435 500 876 822 436 505 258 762 191 939 24 317 23 585 650 925 423 479 244 290 191 530 654 445 320 932 903 596 452 429 410 117 127 200 174 709 891 725 116 144 668 27 498 877 731 616 194 273 233 207 192 286 427 361 190 882 263 848 204 119 710 19 806 202 794 686 435 873 4 676 413 73 91 293 259 85 875 347 741 911 108 796 380 657 864 830 471 728 279 226 716 471 800 271 593 874 836 608 107 311 364 782 736 589 532 342 330 744 695 444 384 734 299 769 440 226 436 427 869 906 565 235 277 142 119 598 823 193 6 378 816 711 245 651 534 784 829 243 557 281 901 830 364 461 804 890 525 371 906 937 674 770 573 21 162 611 61 336 371 315 98 863 720 155 652 402 688 605 900 898 562 774 637 574 434 117 184 424 22 657 159 873 831 140 265 432 797 145 502 422 353 435 689 728 172 942 372 479 367 664 89 905 554 606 323 321 476 605 383 639 883 298 244 698 100 449 738 219 827 84 476 415 828 508 21 743 132 510 514 801 836 26 318 504 452 143 324 80 271 856 645 468 297 330 681 52 661 853 40 45 824 301 340 869 753 717 219 636 868 824 36 339 850 116 579 802 430 410 806 30 567 621 628 125 39 844 624 44 174 275 444 59 269 213 812 285 351 886 48 694 760 720 382 201 801 231 573 340 218 282 224 878 758 366 598 691 611 861 455 501 424 820 100 464 237 623 388 561 704 281 592 513 321 180 210 32 675 376 537 81 648 89 849 552 913 2 943 812 455 158 240 270 689 291 546 25 369 900 504 32 447 153 159 488 0 798 569 472 78 439 699 770 352 335 189 171 850 69 303 382 212 136 105 598 567 665 841 22 415 769 877 731 915 679 168 131 199 73 782 100 759 129 150 544 650 773 740 856 518 189 652 841 688 788 929 672 667 413]

~~~ Unione:
[436 452 110 115 390 372 164 15 79 388 583 311 475 210 173 342 148 595 441 337 498 287 75 557 505 540 484 516 122 284 519 47 72 85 597 565 443 561 537 574 332 48 514 416 166 195 530 143 31 298 319 405 140 191 486 451 248 103 567 438 119 108 28 349 356 20 333 547 161 292 480 402 102 592 478 271 242 116 380 339 424 237 308 502 10 86 400 111 589 43 224 258 243 503 95 541 106 357 285 264 341 374 268 346 286 30 254 363 53 78 395 558 235 529 361 212 580 66 472 77 98 330 487 586 459 193 321 531 9 144 90 94 485 234 151 325 504 336 448 59 221 84 493 501 70 446 348 370 470 1 301 266 113 134 492 82 360 481 316 233 25 42 238 230 437 228 411 401 318 136 454 534 178 433 18 566 201 528 124 196 317 576 88 418 282 450 8 104 23 40 293 538 408 471 36 190 422 225 112 302 162 425 456 369 509 553 209 71 584 278 482 366 4 211 602 93 596 525 163 543 329 183 406 488 275 7 412 575 262 442 295 17 423 479 61 431 52 508 169 240 239 468 44 125 153 467 398 204 389 375 171 16 365 593 244 294 521 100 259 89 539 29 65 572 32 118 138 585 73 249 526 45 590 207 187 458 428 107 577 60 205 223 199 599 123 200 571 554 506 257 430 137 141 335 12 267 364 186 265 603 152 591 19 605 421 174 58 397 214 499 393 382 50 420 68 417 392 439 444 429 146 476 331 261 182 130 542 91 447 568 276 386 548 217 26 175 464 288 313 299 465 491 3 74 322 578 133 520 457 494 11 213 432 170 150 474 297 536 367 0 303 96 80 101 67 461 403 105 523 255 206 510 549 215 552 269 550 941 63 315 800 156 937 927 250 345 314 582 570 573 756 932 676 757 435 500 876 822 762 939 24 650 925 290 654 445 320 903 410 117 127 709 891 725 668 27 877 731 616 194 273 192 427 882 263 848 710 806 202 794 686 873 413 875 347 741 911 796 657 864 830 728 279 226 716 874 836 608 782 736 532 744 695 384 734 769 440 869 906 277 142 598 823 6 378 816 711 245 651 784 829 281 901 804 890 371 674 770 21 611 863 720 155 652 688 900 898 562 774 637 434 184 22 159 831 797 145 353 689 172 942 664 905 606 323 383 639 883 698 449 738 219 827 415 828 743 132 801 324 856 645 681 661 853 824 340 753 717 636 868 850 579 802 621 628 39 844 624 812 351 886 694 760 231 218 878 758 691 861 455 820 623 704 513 180 675 376 81 648 849 913 2 943 158 270 291 546 798 569 699 352 189 69 665 841 915 679 168 131 759 129 544 773 740 518 788 929 672 667]]]></system-out>
  </testcase>
  <testcase name="testAppRandomArrays" classname="io.ssrl.AppTest" time="0.004">
    <system-out><![CDATA[ ~ Unione di due array, senza duplicati.

~$ Primo array:
[399 275 375 582 281 520 290 761 698 601 169 578 675 117 24 418 133 154 282 631 13 565 62 351 305 219 556 291 327 696 763 274 290 321 643 81 424 240 585 219 361 166 599 606 558 227 410 356 551 404 219 364 343 213 50 578 725 416 80 114 761 25 615 483 454 710 243 321 159 438 247 753 220 296 762 421 187 289 322 521 698 558 553 430 693 568 436 587 248 49 628 483 181 416 18 228 586 467 166 506 460 692 177 163 154 419 331 505 512 69 429 403 310 732 443 122 355 662 622 688 330 637 255 584 266 246 304 218 236 395 462 657 455 436 4 571 376 566 2 763 494 336 34 673 206 525 274 656 591 528 415 553 470 160 564 506 511 173 19 56 136 741 184 717 669 338 508 536 205 150 680 488 446 710 193 73 141 719 342 76 66 291 209 607 446 3 299 311 437 146 20 61 139 517 563 145 599 101 41 71 473 663 301 708 344 627 339 186 545 699 638 430 567 457 676 167 367 178 252 360 17 336 688 270 722 484 644 369 368 521]
~$ Secondo array:
[298 426 169 75 275 310 187 10 162 146 111 317 418 148 412 424 297 415 122 277 427 135 288 357 59 205 427 195 320 261 228 402 221 184 136 201 10 192 394 190 245 170 128 16 130 106 236 236 221 330 244 80 231 39 208 177 230 386 156 34 378 200 253 21 274 6 260 303 95 428 379 165 425 419 193 271 148 258 121 249 2 415 59 72 412 330 418 51 201 164 170 403 378 364 160 173 191 193 0 132 364 298 358 77 286 397 212 257 227 80 199 117 77 186 196 93 232 7 325 43 390 94 12 288 305 60 239 368 247 190 428 47 338 7 283 226 234 337 165 343 207 179 352 116 50 106 321 98 371 94 67 53 233 347 53 36 38 196 52 10 202 157 319 179 284 171 54 136 405 306 368 252 347 303 203 24 314 88 24 192 114 350 321 103 198 365 207 86 320 316 428 230 298 193 426 318 329 352 189 206 61 147 164 361 68 12 294 332 297 115 238 181 412 327 193 121 419]

~~~ Unione:
[399 275 375 582 281 520 290 761 698 601 169 578 675 117 24 418 133 154 282 631 13 565 62 351 305 219 556 291 327 696 763 274 321 643 81 424 240 585 361 166 599 606 558 227 410 356 551 404 364 343 213 50 725 416 80 114 25 615 483 454 710 243 159 438 247 753 220 296 762 421 187 289 322 521 553 430 693 568 436 587 248 49 628 181 18 228 586 467 506 460 692 177 163 419 331 505 512 69 429 403 310 732 443 122 355 662 622 688 330 637 255 584 266 246 304 218 236 395 462 657 455 4 571 376 566 2 494 336 34 673 206 525 656 591 528 415 470 160 564 511 173 19 56 136 741 184 717 669 338 508 536 205 150 680 488 446 193 73 141 719 342 76 66 209 607 3 299 311 437 146 20 61 139 517 563 145 101 41 71 473 663 301 708 344 627 339 186 545 699 638 567 457 676 167 367 178 252 360 17 270 722 484 644 369 368 298 426 75 10 162 111 317 148 412 297 277 427 135 288 357 59 195 320 261 402 221 201 192 394 190 245 170 128 16 130 106 244 231 39 208 230 386 156 378 200 253 21 6 260 303 95 428 379 165 425 271 258 121 249 72 51 164 191 0 132 358 77 286 397 212 257 199 196 93 232 7 325 43 390 94 12 60 239 47 283 226 234 337 207 179 352 116 98 371 67 53 233 347 36 38 52 202 157 319 284 171 54 405 306 203 314 88 350 103 198 365 86 316 318 329 189 147 68 294 332 115 238]]]></system-out>
  </testcase>
  <testcase name="testAppRandomArrays" classname="io.ssrl.AppTest" time="0.016">
    <system-out><![CDATA[ ~ Unione di due array, senza duplicati.

~$ Primo array:
[73 16 100 61 2 88 54 1 8 108 111 81 78 16 100 53 31 58 95 16 33 73 17 51 52 116 86 53 97 1 89 45 0 16 30 14 9 20 110 5 76 62 61 98 117 37 55 89 39 14 41 76 25 27 69 31 93 27 85 55 69 119 104 71 81 20 90 41 99 18 109 62 4 8 14 50 103 9 27 47 66 23 72 20 6 106 88 49 36 61 16 50 23 78 24 22 72 72 107 58 44 55 78 87 115 15 85 21 49 57 33 114 63 2 110 60 60 42 32 94 116 62 45 34 99 51 94 107 91 32 47 38 88 94 110 77 53 103 0 31 56 55 95 32 80 76 55 0 47 22 96 26 58 74 70 35 109 33 116 77 83 96 112 16 43 20 31 20 63 11 49 52 70 42 39 26 73 103 81 108 91 74 108 104 49 29 1 26 113 76 0 110 14 91 35 75 9 100 79 7 36 33 101 65 97 99 112 15 111 48 14 68 116 51 41 13 70 83 56 81 3 81 102 19 72 55 108 77 6 98 2 107 81 52 32 33 27 41 27 81 6 67 84 45 102 36 42 117 84 111 7 70 31 108 64 48 68 54 38 25 71 51 26 59 10 79 6 79 58 53 38 85 105 44 53 42 5 113 43 20 0 31 36 60 17 87 60 88 87 62 95 4 110 18 21 44 82 48 114 57 72 93 44 110 44 30 53 54 101 15 57 109 101 37 9 71 77 17 13 64 77 81 41 72 0 12 38 66 38 105 25 107 115 20 41 106 100 111 50 88 26 26 22 44 72 102 107 59 119 43 24 3 64 76 49 51 25 60 18 97 9 103 7 31 37 103 26 114 117 66 78 97 89 108 89 87 4 86 6 28 19 19 64 102 15 107 58 16 45 62 107 108 119 62 40 18 84 25 50 29 34 114 6 62 4 107 83 112 118 2 70 63 117 13 113 5 52 66 114 75 17 79 103 40 93 26 72 41 115 111 109 109 40 85 38 116 88 11 41 83 114 100 86 55 97 115 87 60 99 5 3 16 7 50 42 24 7 63 42 119 93 100 119 7 114 61 82 61 97 7 16 6 43 88 3 55 51 51 119 94 25 112 2 27 116 84 46 50 88 89 83 119 16 84 45 6 69 103 69 111 20 75 20 59 21 68 81 77 96 1 35 63 10 46 43 80 5 80 49 23 109 76 7 103 23 108 58 103 44 7 76 29 83 68 55 78 77 115 100 52 42 0 26 53 81 21 66 84 28 98 118 86 42 76 66 67 77 55 50 38 92 49 3 27 100 109 47 77 95 41 104 65 38 100 21 58 90 119 26 41 94 103 25 9 1 100 7 69 24 50 82 31 56 81 14 61 65 11 119 66 86 57 104 6 40 66 10 67 43 82 40 117 48 11 119 85 25 2 43 107 19 56 5 77 13 67 97 48 32 73 27 57 47 57 17 81 5 37 84 59 117 64 8 51 44 104 67 109 116 32 98 7 106 101 7 36 7 27 119 70 107 91 32 103 5 83 55 109 111 50 111 71 94 54 86 32 32 12 49 30 86 51 0 55 97 46 36 2 9 108 85 45 0 86 81 0 20 84 70 13 100 60 96 27 50 32 21 22 111 99 38 52 92 88 81 62 4 54 105 113 63 84 47 96 81 85 114 56 50 40 1 56 94 16 113 74 68 98 35 98 52 48 61 83 90 41 56 32 39 114 9 54 78 69 89 19 12 93 7 114 80 67 30 63 99 8 65 57 65 80 42 49 5 31 26 30 43 99 26 50 62 93 0 76 98 93 6 74 59 33 45 35 5 97 87 15 69 51 17 52 28 118 119 38 92 21 65 81 115 26 115 46 13 36 51 64 6 70 83 34 108 101 15 87 99 6 16 21 10 66 95 78 98 96 13 61 95 69 7 26 23 42 47 58 16 65 37 62 118 101 36 109 2 118 1 105 110 6 23 75 108 3 118 100 103 105]
~$ Secondo array:
[256 315 308 205 332 261 250 74 300 274 0 105 16 291 121 135 275 148 46 300 136 158 43 97 203 91 189 36 131 200 158 147 276 103 0 156 213 318 3 75 331 164 223 268 297 320 262 107 154 182 100 229 311 89 0 146 51 9 281 307 38 204 267 107 143 273 255 174 210 308 196 40 110 87 53 282 268 254 303 226 273 116 188 254 166 322 146 14 26 135 324 338 18 157 16 126 306 25 46 328 130 100 67 183 132 313 294 73 113 91 110 288 212 285 320 88 240 7 330 49 138 218 306 115 3 77 149 54 88 302 310 280 116 290 44 10 150 283 186 162 41 313 57 298 121 284 237 159 326 173 116 62 245 19 71 177 249 230 296 262 195 329 285 286 61 310 114 75 44 77 341 221 329 248 71 196 154 153 149 256 127 240 136 53 255 14 321 174 123 29 32 0 7 31 97 277 193 70 166 93 253 135 213 113 268 105 3 124 255 69 195 194 212 140 262 132 240 214 216 166 305 186 18 268 310 211 89 58 241 18 30 237 133 133 208 185 91 278 259 175 58 162 120 135 42 33 131 205 90 76 328 332 246 77 240 57 218 320 228 120 156 48 272 30 324 218 332 161 260 145 273 213 69 44 308 304 272 267 320 293 9 95 74 135 38 31 72 165 331 126 282 107 285 112 130 235 214 35 237 103 325 157 156 12 178 213 328 147 215 125 87 140 241 196 247 307 43 249 101 211 67 332 188 316 106 37 11 317 91 53 136 313 105 162 60 61 19 340 194 155 251 43 48 132 255 117 61 83 88 107 43 19 188 13 187 82 262 191 194 107 302 123 59 297 246 279 299 278 246 73 178 328 274 179 184 320 217 327 240 118 183 328 137 243 264 178 299 341 251 56 177 202 77 304 297 243 338 0 6 163 153 238 250 162 165 299 81 236 316 201 196 23 96 104 307 115 82 160 51 278 168 214 108 178 177 161 189 27 30 315 149 223 84 118 134 263 78 321 161 258 177 64 85 301 132 327 115 77 54 61 271 150 256 253 278 89 89 132 255 341 166 176 104 326 140 64 36 272 207 274 136 93 302 241 279 126 120 228 142 104 289 70 265 38 252 262 26 336 291 314 101 229 217 170 177 148 267 294 195 58 114 300 184 97 228 135 177 36 274 125 215 4 305 242 177 238 47 255 302 3 6 202 152 15 231 123 66 269 70 6 134 18 298 173 259 48 24 205 5 282 198 195 282 128 233 317 191 280 125 80 26 182 183 73 119 87 283 230 25 77 266 290 237 252 223 31 139 143 190 145 174 98 121 341 185 168 303 48 3 45 201 131 166 236 136 176 304 121 169 137 205 339 251 47 146 95 287 32 23 100 126 294 289 216 75 85 257 298 53 133 246 113 137 215 137 61 91 247 292 157 286 256 298 332 242 64 197 35 273 341 114 103 230 17 44 286 110 317 124 281 177 337 247 122 308 152 6 67 246 127 66 221 319 276 150 68 304 111 140 227 296 148 95 216 34 320 206 105 155 312 303 187 188 226 332 94 153 199 127 79 177 187 110 321 243 297 2 173 149 90 73 286 39 165 321 310 294 198 36 0 80 236 262 208 44 117 169 175 59 21 260 243 159 50 307 340 51 241 54 245 285 331 105 192 165 220 91 147 332 216 120 30 200 81 143 316 60 39 240 217 256 328 132 241 273 161 193 108 134 336 76 176 192 199 107 63 131 85 235 297 55 15 70 57 75 225 127 50 42 340 93 198 43 256 54 272 337 286 248 263 61 32 6 135 136 189 1 29 96 302 137 93 116 214 231 180 174 206 41 240 267 219 116 80 159 244 106 118 174 244 317 196 95 59 162 155 217 97 121 318 161 119 262 309 333 204 341 204 255 68 301 328 255 177 286 243 51 168 292 209 307 326 47 286 3 117 258 175 95 129 271 46 219 179 97 118 111 162 11 19 153 48 35 91 245 271 163 297 311 338 214 278 168 329 317 236 245 295 298 199 231 300 19 61 50 224 208 276 76 308 66 24 255 318 276 55 297 112 218 150 261 172 261 47 248 206 197 160 222 61 152 293 204 22 85 321 139 254 101 173 228 85 180]

~~~ Unione:
[73 16 100 61 2 88 54 1 8 108 111 81 78 53 31 58 95 33 17 51 52 116 86 97 89 45 0 30 14 9 20 110 5 76 62 98 117 37 55 39 41 25 27 69 93 85 119 104 71 90 99 18 109 4 50 103 47 66 23 72 6 106 49 36 24 22 107 44 87 115 15 21 57 114 63 60 42 32 94 34 91 38 77 56 80 96 26 74 70 35 83 112 43 11 29 113 75 79 7 101 65 48 68 13 3 102 19 67 84 64 59 10 105 82 12 28 40 118 46 92 256 315 308 205 332 261 250 300 274 291 121 135 275 148 136 158 203 189 131 200 147 276 156 213 318 331 164 223 268 297 320 262 154 182 229 311 146 281 307 204 267 143 273 255 174 210 196 282 254 303 226 188 166 322 324 338 157 126 306 328 130 183 132 313 294 288 212 285 240 330 138 218 149 302 310 280 290 150 283 186 162 298 284 237 159 326 173 245 177 249 230 296 195 329 286 341 221 248 153 127 321 123 277 193 253 124 194 140 214 216 305 211 241 133 208 185 278 259 175 120 246 228 272 161 260 145 304 293 165 235 325 178 215 125 247 316 317 340 155 251 187 191 279 299 179 184 217 327 137 243 264 202 163 238 236 201 160 168 134 263 258 301 271 176 207 142 289 265 252 336 314 170 242 152 231 269 198 128 233 266 139 190 169 339 287 257 292 197 337 122 319 227 206 312 199 192 220 225 180 219 244 309 333 209 129 295 224 172 222]]]></system-out>
  </testcase>
  <testcase name="testAppRandomArrays" classname="io.ssrl.AppTest" time="0.022">
    <system-out><![CDATA[ ~ Unione di due array, senza duplicati.

~$ Primo array:
[30 99 132 1 79 40 96 152 83 64 81 63 42 158 7 106 55 22 145 95 154 182 29 170 70 123 40 174 60 100 99 14 78 46 100 128 127 1 40 136 103 77 7 182 126 52 39 110 160 93 124 8 172 87 128 19 134 179 146 79 160 53 145 159 130 155 127 96 93 71 137 20 129 128 74 153 42 155 90 128 152 166 73 3 17 140 67 76 142 71 62 0 140 120 179 82 130 53 136 107 47 66 48 90 108 47 59 109 182 165 116 109 178 109 12 44 92 29 60 11 23 162 149 45 48 106 51 140 150 103 16 78 17 142 176 135 96 164 79 164 179 56 20 170 181 115 62 99 43 51 90 24 122 83 139 174 44 179 68 27 102 172 63 46 86 116 40 65 83 26 115 39 102 78 29 174 89 140 112 27 143 46 112 180 66 116 51 55 43 33 115 179 143 43 11 44 109 65 57 170 88 133 88 136 136 148 101 2 12 22 165 1 173 120 141 15 2 69 152 104 63 20 168 5 114 133 85 31 124 55 54 27 182 39 23 23 161 158 31 138 107 43 175 142 76 98 52 73 141 152 77 88 79 3 10 54 54 45 137 178 129 52 78 181 3 75 80 131 16 163 135 20 54 14 146 16 58 160 53 4 75 86 88 140 118 127 91 52 124 154 50 127 140 80 146 88 73 40 28 158 33 6 111 22 169 109 94 31 150 9 106 98 171 16 163 164 136 41 66 67 14 41 12 61 23 180 35 37 175 61 86 170 181 14 2 143 89 79 139 137 130 32 134 9 43 168 75 80 80 27 125 39 137 55 57 71 116 61 134 85 145 126 0 63 9 57 151 128 182 177 42 60 21 19 175 114 36 160 16 124 66 173 180 29 165 173 52 8 140 49 91 94 156 5 163 148 97 9 62 163 146 8 138 56 48 45 49 56 140 91 164 123 98 35 29 18 89 115 78 4 82 97 103 75 64 180 102 84 141 159 173 171 0 79 88 122 126 4 19 5 98 164 121 128 149 64 101 10 161 64 162 70 18 114 3 125 147 100 55 153 6 68 87 121 123 136 171 178 128 171 104 45 169 47 14 25 117 49 18 58 104 56 61 115 147 89 16 150 98 78 27 35 168 90 16 160 42 93 31 129 32 150 137 110 26 123 101 3 56 70 58 44 19 98 80 94 135 23 42 2 90 75 128 61 59 112 40 159 52 54 29 45 88 19 70 118 36 107 60 4 101 20 177 169 141 77 123 146 0 94 48 76 98 121 79 49 71 149 0 138 44 34 172 29 49 40 168 25 117 42 152 35 70 144 122 29 132 133 19 117 20 66 47 34 64 65 56 44 50 11 151 158 91 164 119 26 131 67 100 39 180 118 106 136 152 75 21 132 7 94 156 65 90 96 8 91 35 154 174 39 0 77 112 36 167 142 113 49 133 141 70 4 106 124 128 90 0 102 46 102 143 49 165 14 126 115 96 116 102 169 9 51 11 106 58 149 54 2 148 166 159 170 100 175 148 53 4 160 119 146 68 160 106 40 82 82 33 52 160 125 13 168 9 3 32 142 136 83 103 119 82 166 164 76 130 68 73 93 66 152 23 168 157 107 7 114 86 0 182 167 53 68 41 39 121 119 63 111 111 137 15 108 97 158 134 53 107 23 12 47 141 166 27 21 164 51 46 15 126 19 39 28 166 149 137 160 10 164 158 125 49 92 80 70 145 166 62 4 172 7 166 170 2 175 38 87 19 164 86 177 134 168 36 15 173 4 77 87 161 101 164 130 5 11 80 50 14 43 143 24 78 35 100 82 46 75 175 22 20 99 108 33 32 66 167 114 135 17 164 121 100 40 172 156 145 140 144 146 136 159 65 112 179 9 166 148 3 138 135 88 137 65 13 110 179 130 79 32 39 6 119]
~$ Secondo array:
[527 418 203 80 359 81 187 140 567 454 499 500 564 82 52 60 480 281 185 118 148 453 459 116 358 440 20 430 255 85 67 545 483 444 30 277 267 136 510 193 191 63 132 516 172 301 137 563 278 533 164 594 239 486 268 577 70 589 277 149 386 581 88 95 149 432 290 597 414 568 334 611 366 182 47 286 141 598 542 437 421 453 546 220 195 385 549 78 238 179 538 262 40 171 181 138 321 177 411 477 107 595 313 31 297 88 432 211 456 15 565 254 455 613 15 415 443 273 314 159 59 6 40 397 187 540 127 174 43 115 518 104 103 262 144 250 410 88 171 50 19 117 459 226 34 215 448 296 500 476 30 384 425 424 130 240 495 541 274 559 527 299 277 379 189 365 266 415 294 242 445 197 154 509 52 549 344 290 511 146 265 172 230 213 484 56 252 593 585 520 569 194 154 237 86 306 570 292 186 546 241 67 65 217 128 385 219 564 135 295 11 538 183 567 254 291 385 327 563 404 52 170 90 74 30 107 13 449 226 479 483 415 336 534 355 194 186 526 246 218 98 76 277 572 465 439 9 308 442 427 202 455 77 15 111 330 496 52 612 259 312 290 74 226 517 112 104 411 115 103 335 211 301 20 539 275 412 57 197 454 340 279 517 212 120 290 301 376 172 241 601 117 376 80 211 207 53 188 339 305 264 538 19 419 467 396 16 565 515 569 444 532 596 536 537 263 352 217 600 64 566 544 223 602 391 215 369 291 453 78 576 351 540 10 477 550 202 103 176 115 11 339 235 330 524 433 496 254 233 511 67 420 323 53 99 471 57 241 402 249 527 323 123 490 4 98 291 152 69 186 72 140 455 483 502 436 474 359 376 387 97 287 36 305 237 226 391 360 537 300 432 388 313 503 225 374 19 24 503 238 472 424 467 354 140 421 24 167 392 589 477 98 377 287 389 204 377 326 209 96 244 186 88 242 53 580 357 318 582 366 182 418 447 525 429 242 69 453 495 382 364 279 105 185 15 489 291 392 612 10 109 340 277 504 246 559 25 440 435 87 201 402 524 418 278 270 554 591 615 223 53 340 408 322 434 226 367 506 201 73 440 564 365 312 217 570 109 397 519 343 391 53 375 614 372 33 9 383 359 166 350 198 143 231 386 601 563 545 564 527 189 139 91 8 183 159 195 68 346 289 509 44 614 364 516 47 612 67 251 522 279 515 29 576 48 490 412 33 57 555 411 418 441 578 319 408 78 478 400 250 481 480 165 211 187 471 93 529 254 189 258 317 182 345 128 583 286 25 452 253 366 388 103 456 82 290 66 459 103 321 379 112 182 181 53 345 315 370 302 344 183 65 154 420 457 365 612 592 147 321 565 385 280 8 405 524 508 304 526 234 332 59 257 410 509 364 336 73 328 35 178 176 290 189 269 465 386 3 397 23 556 284 498 66 411 58 265 20 227 182 449 323 107 417 357 203 433 17 41 352 384 572 102 20 405 604 24 595 352 110 598 209 157 512 553 187 161 191 429 523 250 130 158 490 160 503 284 321 239 248 334 336 470 26 173 226 18 537 63 475 532 331 92 416 249 448 533 329 352 58 32 261 510 287 360 586 117 192 90 566 211 486 474 608 79 296 11 125 566 107 390 527 44 134 74 240 30 512 2 79 19 409 108 109 59 50 421 519 568 577 138 472 185 357 81 546 46 243 190 152 333 147 89 171 291 370 21 231 534 28 468 442 103 517 85 456 453 245 48 614 356 438 448 105 541 115 391 370 447 503 607 352 99 574 412 434 589 332 32 400 582 136 70 172 542 45 264 67 303 581 140 594 589 34 249 566 234 155 439 388 326 367 365 370 475 577 372 40 446 104 272 63 170 41 550 548 86 307 209 272 87 255 583 7 352 298 121 83 245 601 239 157 288 504 273 416 114 102 171 26 459 113 312 183 197 377 231 275 467 580 363 84 119 446 436 210]

~~~ Unione:
[30 99 132 1 79 40 96 152 83 64 81 63 42 158 7 106 55 22 145 95 154 182 29 170 70 123 174 60 100 14 78 46 128 127 136 103 77 126 52 39 110 160 93 124 8 172 87 19 134 179 146 53 159 130 155 71 137 20 129 74 153 90 166 73 3 17 140 67 76 142 62 0 120 82 107 47 66 48 108 59 109 165 116 178 12 44 92 11 23 162 149 45 51 150 16 176 135 164 56 181 115 43 24 122 139 68 27 102 86 65 26 89 112 143 180 33 57 88 133 148 101 2 173 141 15 69 104 168 5 114 85 31 54 161 138 175 98 10 75 80 131 163 58 4 118 91 50 28 6 111 169 94 9 171 41 61 35 37 32 125 151 177 21 36 49 156 97 18 84 121 147 25 117 34 144 119 167 113 13 157 38 527 418 203 359 187 567 454 499 500 564 480 281 185 453 459 358 440 430 255 545 483 444 277 267 510 193 191 516 301 563 278 533 594 239 486 268 577 589 386 581 432 290 597 414 568 334 611 366 286 598 542 437 421 546 220 195 385 549 238 538 262 321 411 477 595 313 297 211 456 565 254 455 613 415 443 273 314 397 540 518 250 410 226 215 448 296 476 384 425 424 240 495 541 274 559 299 379 189 365 266 294 242 445 197 509 344 511 265 230 213 484 252 593 585 520 569 194 237 306 570 292 186 241 217 219 295 183 291 327 404 449 479 336 534 355 526 246 218 572 465 439 308 442 427 202 330 496 612 259 312 517 335 539 275 412 340 279 212 376 601 207 188 339 305 264 419 467 396 515 532 596 536 537 263 352 600 566 544 223 602 391 369 576 351 550 235 524 433 233 420 323 471 402 249 490 72 502 436 474 387 287 360 300 388 503 225 374 472 354 392 377 389 204 326 209 244 580 357 318 582 447 525 429 382 364 105 489 504 435 201 270 554 591 615 408 322 434 367 506 519 343 375 614 372 383 350 198 231 346 289 251 522 555 441 578 319 478 400 481 529 258 317 345 583 452 253 315 370 302 457 592 280 405 508 304 234 332 257 328 269 556 284 498 227 417 604 512 553 523 248 470 475 331 416 329 261 586 192 608 390 409 243 190 333 468 245 356 438 607 574 303 446 272 548 307 298 288 363 210]]]></system-out>
  </testcase>
  <testcase name="testAppRandomArrays" classname="io.ssrl.AppTest" time="0.002">
    <system-out><![CDATA[ ~ Unione di due array, senza duplicati.

~$ Primo array:
[179 100 9 64 77 109 117 121 153 78 182 72 150 47 33 107 33 25 140 39 144 141 76 15 131 102 173 176 158 123 113 145 81 32 141 181 120 77 134 53 123 69 101 103 178 118 102 137 12 72 161 48 181 33 53 162 39 27 132 181 104 0 70 122 80 98 55 174 39 146 181 33 66 25 32 26 145 71 144 15 61 87 78 174 143 87 45 90 115 96 39 123 64 38 88 132 64 165 26 76 168 106 101 142 163 35 123 178 138 143 95 170 136 8 138 42 115 127 42 72 11 172 132 94 183 29 24 16 7 54 116 147 0 31 39 58 32 105 169 85 83 12 112 49 76 110 41 117 67 157 26 114 32 24 91 86 112 181 74 161 97 12 19 54 163 58 146 45 142 176 159 138 169 20 133 29 91 55 148 104 122 5 30 120 180 61 138 124 160 48 40 4 3 185 28 0 113 54 80 84 40 44 127 14 36 41 62 8 184 51 20 33 42 114 114 43 36 32 88 113 98 104 137 10 181 92 18 56 62 33 119 71 144 2 168 71 23 180 131 104 67 109 143 11 94 68 61 73 134 111 182 170 109 65 66 150 80 50 73 146 102 104 57 8 173 88 88 50 72 65 56 57 19 95 63 61 36 133 155 78 106 137 45 94 150 34 165 13 80 30 88 64 32 57 56 129 38 48 169 36 124 147 31 14 32 133 63]
~$ Secondo array:
[330 132 47 362 363 221 198 138 135 204 24 13 339 301 253 330 52 332 55 329 315 132 214 50 237 137 304 32 378 250 32 142 123 379 287 354 194 199 125 146 249 110 6 270 138 88 96 70 168 262 183 292 237]

~~~ Unione:
[179 100 9 64 77 109 117 121 153 78 182 72 150 47 33 107 25 140 39 144 141 76 15 131 102 173 176 158 123 113 145 81 32 181 120 134 53 69 101 103 178 118 137 12 161 48 162 27 132 104 0 70 122 80 98 55 174 146 66 26 71 61 87 143 45 90 115 96 38 88 165 168 106 142 163 35 138 95 170 136 8 42 127 11 172 94 183 29 24 16 7 54 116 147 31 58 105 169 85 83 112 49 110 41 67 157 114 91 86 74 97 19 159 20 133 148 5 30 180 124 160 40 4 3 185 28 84 44 14 36 62 184 51 43 10 92 18 56 119 2 23 68 73 111 65 50 57 63 155 34 13 129 330 362 363 221 198 135 204 339 301 253 52 332 329 315 214 237 304 378 250 379 287 354 194 199 125 249 6 270 262 292]]]></system-out>
  </testcase>
  <testcase name="testAppRandomArrays" classname="io.ssrl.AppTest" time="0.007">
    <system-out><![CDATA[ ~ Unione di due array, senza duplicati.

~$ Primo array:
[263 79 247 588 121 628 620 684 398 100 327 473 685 168 258 221 643 692 189 305 18 252 484 278 252 458 258 312 329 521 138 3 333 574 452 71 594 404 60 465 288 353 141 162 566 111 280 513 299 430 540 648 265 104 514 208 96 438 645 547 200 451 356 380 27 681 177 459 240 567 101 652 623 720 265 229 554 469 95 269 714 128 604 124 363 101 148 607 24 703 606 264 595 58 159 700 658 311 260 557 119 381 359 156 228 405 139 345 109 545 127 283 38 537 338 489 140 36 34 621 711 544 595 10 382 54 632 351 64 336 294 558 720 600 482 136 542 581 469 416 281 159 589 630 78 341 196 682 115 241 165 353 286 221 313 89 203 689 275 327 494 490 77 100 523 360 437 80 360 173 288 238 626 268 434 433 62 638 278 74 436 323 699 252 286 250 472 197 64 120 366 470 13 621 251 129 605 507 312 531 82 692 614 55 65 335 520 78 484 537 556 369 580 571 324 40 212 147 356 519 414 17 331 439 56 36 259 5 54 712 188 428 531 413 68 124 532 701 173 504 251 660 705 363 709 51 174 406 315 476 48 457 539 595 560 549 660 693 422 49 682 327 356 241 157 432 713 34 192 14 244 376 343 397 236 713 485 78 413 215 262 624 619 573 94 231 541 486 50 601 128 526 71 600 652 323 161 442 609 528 397 375 468 671 303 308 633 542 434 98 43 85 196 547 493 110 414 218 451 119 193 152 683 167 419 43 315 373 61 181 78 390 640 192 553 597 162 621 573 630 532 273 369 457 24 399 306 194 467 323 538 364 43 338 124 646 545 599 326 181 698 401 468 453 93 169 385 375 117 426 440 305 17 158 686 506 375 172 635 337 608 504 357 354 703 252 519 365 148 358 561 524 519 616 196 336 626 684 287 720 596 663 448 373 259 210 273 320 42 460 38 249 484 596 417 452 635 312 602 144 329 433 508 539 373 456 382 557 93 133 396 332 381 649 68 176 612 125 426 552 451 470 397 253 399 248 202 717 616 186 420 571 75 245 692 531 325 566 111 384 284 669 339 494 517 328 448 385 454 129 109 715 49 48 4 566 39 31 649 465 541 346 642 245 558 419 380 422 472 200 278 273 689 420 548 470 705 320 667 518 405 102 600 115 602 567 333 449 158 82 162 318 568 62 338 237 208 402 92 19 211 124 660 532 128 191 451 477 322 607 187 341 589 179 694 437 99 570 55 682 188 581 391 660 538 590 10 63 623 22 212 589 489 238 92 480 79 553 703 586 355 379 598 373 720 663 294 688 328 692 227 178 555 373 64 418 677 48 147 715 179 286 187 302 353 158 57 383 108 309 307 326 94 429 695 440 602 180 701 281 702 616 338 22 13 177 263 420 89 703 161 345 222 228 206 667 212 651 411 710 531 22 248 240 629 457 114 652 168 66 112 439 204 616 99 326 274 102 600 590 131 11 118 439 707 40 342 227 361 95 152 179 368 362 146 112 415 535 262 598 348 664 137 562 433 561 524 418 60 241 500 635 122 134 151 312 230 262 123 142 82 506 615 42 423 466 103 406 387 441 402 184 57 22 368 130 350 369 701 144 482 83 536 467 327 557 201 224 318 261 265 37 546 356 717 472 272 553 198 321 16 441 708 502 204 13 471 88 546 626 297 178 78 704 151 566 227 279 82 105 450 297 377 333 117 203 578 361 258 110 481 259 262 0 598 557 81 112 443 379 234 389 582 375 163 545 179 506 455 356 176 336 394 528 692 430 432 167 262 361 637 388 551 490 172 52 130 163 431 167 385]
~$ Secondo array:
[294 67 225 127 243 306 66 279 334 203 43 14 333 401 385 399 35 303 315 337 93 130 22 334 381 258 53 387 38 294 102 353 83 382 145 275 8 214 389 55 417 280 45 307 22 103 10 44 291 267 271 276 294 192 58 77 10 354 3 295 225 217 327 51 180 436 130 209 42 130 318 46 144 227 185 302 9 415 291 60 237 242 413 375 98 124 321 38 295 352 147 256 261 423 352 69 187 378 139 257 109 231 202 18 440 1 403 131 326 318 6 135 332 211 358 299 281 350 68 263 313 148 322 216 106 2 164 189 178 18 298 26 44 343 247 148 175 337 418 333 80 320 234 223 292 329 82 407 163 297 217 220 439 286 25 210 438 306 12 396 39 396 158 327 292 368 168 200 301 103 394 88 180 199 137 108 348 410 4 372 394 132 351 171 18 271 239 318 403 218 337 313 1 122 76 352 84 221 391 210 300 139 345 282 64 310 400 291 368 298 103 350 271 101 88 144 195 139 34 336 216 345 17 118 244 133 42 376 397 8 45 292 229 126 320 196 48 64 211 361 235 329 199 88 237 101 236 23 220 190 186 156 347 351 196 312 262 233 358 418 380 20 306 44 336 182 417 279 393 63 177 329 421 208 342 434 7 343 255 48 306 155 94 70 273 48 236 67 365 200 324 278 340 297 133 118 217 437 303 69 265 429 110 63 370 71 272 270 354 318 61 101 263 39 75 215 272 416 139 342 217 161 111 440 441 28 377 433 224 131 132 2 273 75 136 286 158 423 204 379 18 105 61 60 204 73 278 278 339 250 210 212 260 208 167 54 312 24 372 415 399 16 175 284 72 144 182 422 141 11 323 72 215 68 180 307 434 279 193 220 442 378 101 261 429 331 295 88 384 135 134 115 216 419 40 423 267 29 73 220 20 273 397 77 440 126 402 101 157 411 385 256 283 8 260 43 392 371 364 120 379 385 379 279 249 57 286 102 192 21 343 74 124 2 427 37 83 147 63 103 427 248 303 8 156 442 62 188 418 189 382 316 64 407 307 364 209 83 383 49 37 76 62 410 410 395 427 107 407 149 85 306 124 221 223 54 291 344 65 53 57 212 245 166 430 417 190 388 36 298 394 46 204 42 219 132 321 438 396 128 73 332 265 81 105 178 310 236 210 172 211 420 295 355 325 73 34 360 66 105 227 374 89 175 157 247 176 41 27 176 422 241 301 98 344 290 32 292 214 26 292 303 364 385 4 176 142 86 371 229 36 207 178 156 197 166 73 384 350 348 208 33 322 137 53 139 135 227 81 126 32 308 270 2 169 365 223 4 115 290 323 378 154 229 161 383 157 330 393 347 148 85 58 190 56]

~~~ Unione:
[263 79 247 588 121 628 620 684 398 100 327 473 685 168 258 221 643 692 189 305 18 252 484 278 458 312 329 521 138 3 333 574 452 71 594 404 60 465 288 353 141 162 566 111 280 513 299 430 540 648 265 104 514 208 96 438 645 547 200 451 356 380 27 681 177 459 240 567 101 652 623 720 229 554 469 95 269 714 128 604 124 363 148 607 24 703 606 264 595 58 159 700 658 311 260 557 119 381 359 156 228 405 139 345 109 545 127 283 38 537 338 489 140 36 34 621 711 544 10 382 54 632 351 64 336 294 558 600 482 136 542 581 416 281 589 630 78 341 196 682 115 241 165 286 313 89 203 689 275 494 490 77 523 360 437 80 173 238 626 268 434 433 62 638 74 436 323 699 250 472 197 120 366 470 13 251 129 605 507 531 82 614 55 65 335 520 556 369 580 571 324 40 212 147 519 414 17 331 439 56 259 5 712 188 428 413 68 532 701 504 660 705 709 51 174 406 315 476 48 457 539 560 549 693 422 49 157 432 713 192 14 244 376 343 397 236 485 215 262 624 619 573 94 231 541 486 50 601 526 161 442 609 528 375 468 671 303 308 633 98 43 85 493 110 218 193 152 683 167 419 373 61 181 390 640 553 597 273 399 306 194 467 538 364 646 599 326 698 401 453 93 169 385 117 426 440 158 686 506 172 635 337 608 357 354 365 358 561 524 616 287 596 663 448 210 320 42 460 249 417 602 144 508 456 133 396 332 649 176 612 125 552 253 248 202 717 186 420 75 245 325 384 284 669 339 517 328 454 715 4 39 31 346 642 548 667 518 102 449 318 568 237 402 92 19 211 191 477 322 187 179 694 99 570 391 590 63 22 480 586 355 379 598 688 227 178 555 418 677 302 57 383 108 309 307 429 695 180 702 222 206 651 411 710 629 114 66 112 204 274 131 11 118 707 342 361 368 362 146 415 535 348 664 137 562 500 122 134 151 230 123 142 615 423 466 103 387 441 184 130 350 83 536 201 224 261 37 546 272 198 321 16 708 502 471 88 297 704 279 105 450 377 578 481 0 81 443 234 389 582 163 455 394 637 388 551 52 431 67 225 243 334 35 53 145 8 214 45 44 291 267 271 276 295 217 209 46 185 9 242 352 256 69 378 257 1 403 6 135 216 106 2 164 298 26 175 223 292 407 220 25 12 301 199 410 372 132 171 239 76 84 300 282 310 400 195 126 235 23 190 347 233 20 182 393 421 7 255 155 70 340 370 270 28 73 72 29 392 371 21 427 316 395 107 149 344 166 219 374 41 290 32 86 207 33 154 330]]]></system-out>
  </testcase>
  <testcase name="testAppRandomArrays" classname="io.ssrl.AppTest" time="0.007">
    <system-out><![CDATA[ ~ Unione di due array, senza duplicati.

~$ Primo array:
[356 346 345 268 487 572 203 641 490 77 632 578 609 252 606 642 256 28 129 37 607 291 106 366 95 599 121 384 491 487 402 296 621 62 532 252 581 28 138 289 322 450 329 64 43 336 31 310 441 323 88 319 330 625 233 131 543 175 172 574 324 309 222 204 273 330 608 423 283 232 417 357 14 385 78 68 410 16 378 324 441 314 61 282 339 469 16 297 149 59 579 503 26 1 391 96 16 503 290 170 538 151 98 544 3 215 192 254 444 293 204 490 323 2 584 26 193 622 113 66 423 158 313 433 26 589 144 349 436 35 578 338 331 56 217 184 246 307 395 471 386 33 59 205 53 390 10 298 104 452 132 167 551 227 424 161 501 372 219 490 330 163 572 301 263 616 253 142 593 461 417 522 386 287 229 567 18 36 456 144 446 295 15 423 637 532 479 96 285 283 528 15 201 26 537 621 224 17 426 395 640 222 478 531 510 46 627 11 23 508 504 200 279 537 596 129 337 186 352 209 506 132 476 337 429 330 313 499 269 436 161 419 218 67 27 173 363 549 310 158 96 193 101 555 529 453 402 590 131 276 75 386 156 331 183 638 530 482 60 515 276 90 34 235 469 228 587 116 351 476 476 333 591 214 217 359 189 407 94 222 19 606 2 300 612 102 96 396 348 559 31 628 297 273 316 29 238 349 97 303 208 505 121 637 219 626 591 74 143 166 251 573 1 31 170 456 623 602 227 122 375 640 333 470 308 469 237 369 557 174 362 247 403 520 635 344 287 406 240 584 8 297 117 495 626 376 136 90 212 129 388 217 600 323 381 251 462 170 256 105 367 287 577 214 530 505 383 386 516 432 157 612 161 235 266 212 279 424 420 273 224 36 547 493 173 466 562 100 355 518 613 294 584 551 457 97 187 280 225 449 469 154 98 620 553 585 16 220 231 586 572 192 501 446 108 98 273 184 274 633 158 50 94 233 189 249 146 135 89 167 596 616 436 496 93 613 300 247 79 79 455 448 350 61 25 165 428 295 291 150 233 55 213 186 567 51 271 38 642 547 274 99 159 552 434 130 80 496 209 472 387 283 305 607 485 68 549 146 75 490 113 27 100 133 612 467 350 418 197 628 55 183 255 305 96 493 170 207 441 630 46 393 231 30 505 280 124 417 155 269 248 371 142 434 541 317 129 330 567 341 130 131 391 412 235 128 259 266 577 554 413 538 452 519 290 348 6 19 1 117 264 486 119 542 172 71 329 224 172 336 390 364 391 257 528 639 87 47 204 407 242 290 406 639 245 358 179 343 34 534 479 339 473 242 160 559 111 166 414 558 228 152 605 429 415 240 496 588 144 509 264 373 304 173 396 378 221 168 504 512 83 636 18 327 481 377 2 277 267 120 212 576 405 58 251 600 231 250 380 109 46 486 81 436 238 0 418 311 72 515 76 140 461 449 305 572 270 191 340 564 335 464 466 200 71 145 517 137 605 367 531 436 360 66 33 410 468 90 165 56 246 365 19 593 480 485 599 27 625 103 22 545 533 275 331 99 123 200 129 632 500 502 470 388 138 608 363 275 372 256 250 446 40 155 119 293 400 165 487 482 236 71 543 351 35 504 34 326 72 259 397 118 586 589 629 487 553 392 69 143 325 612 520 10 433 426 201 343 284 495 66 56 101 611 209 326 409 56 639 296 430 25 465 52 565 226 474 99 642 427 172 254 270 504 447 480 130 624]
~$ Secondo array:
[207 335 556 56 321 220 331 624 248 482 508 75 326 641 591 510 481 372 96 320 124 355 444 325 509 352 440 633 369 135 252 85 284 94 469 464 293 167 552 477 133 615 153 373 368 516 395 585 588 15 219 231 342 227 405 310 541 586 496 295 358 483 237 98 182 593 242 258 214 355 598 150 192 83 325 45 576 198 514 21 86 207 476 600 296 392 161 436 53 462 608 390 580 567 443 98 34 451 601 417 362 44 473 175 174 468 434 159 68 258 344 318 565 16 400 201 503 75 485 12 25 624 107 113 630 176 137 264 59 144 316 289 11 519 638 179 323 252 77 480 183 188 447 559 442 93 99 117 133 482 275 234 303 612 295 356 450 457 83 426 518 43 256 206 287 247 143 15 402 257 393 138 221 33 101 213 307 324 441 177 575 177 153 97 40 509 86 483 499 262 357 609 439 369 272 372 361 329 482 295 23 213 372 435 258 84 45 148 204 239 566 511 441 107 339 398 163 265 213 354 509 436 516 148 73 423 490 128 485 384 299 382 495 589 304 390 561 225 275 39 577 363 517 525 95 276 115 373 257 235 231 22 108 502 275 541 360 231 440 612 302 601 444 249 470 437 42 639 328 517 500 363 140 572 459 285 30 305 279 401 25 582 258 577 44 609 598 425 241 166 199 630 122 231 43 404 583 33 78 378 258 292 91 180 36 503 412 101 336 517 610 87 477 40 632 177 65 504 82 51 520]

~~~ Unione:
[356 346 345 268 487 572 203 641 490 77 632 578 609 252 606 642 256 28 129 37 607 291 106 366 95 599 121 384 491 402 296 621 62 532 581 138 289 322 450 329 64 43 336 31 310 441 323 88 319 330 625 233 131 543 175 172 574 324 309 222 204 273 608 423 283 232 417 357 14 385 78 68 410 16 378 314 61 282 339 469 297 149 59 579 503 26 1 391 96 290 170 538 151 98 544 3 215 192 254 444 293 2 584 193 622 113 66 158 313 433 589 144 349 436 35 338 331 56 217 184 246 307 395 471 386 33 205 53 390 10 298 104 452 132 167 551 227 424 161 501 372 219 163 301 263 616 253 142 593 461 522 287 229 567 18 36 456 446 295 15 637 479 285 528 201 537 224 17 426 640 478 531 510 46 627 11 23 508 504 200 279 596 337 186 352 209 506 476 429 499 269 419 218 67 27 173 363 549 101 555 529 453 590 276 75 156 183 638 530 482 60 515 90 34 235 228 587 116 351 333 591 214 359 189 407 94 19 300 612 102 396 348 559 628 316 29 238 97 303 208 505 626 74 143 166 251 573 623 602 122 375 470 308 237 369 557 174 362 247 403 520 635 344 406 240 8 117 495 376 136 212 388 600 381 462 105 367 577 383 516 432 157 266 420 547 493 466 562 100 355 518 613 294 457 187 280 225 449 154 620 553 585 220 231 586 108 274 633 50 249 146 135 89 496 93 79 455 448 350 25 165 428 150 55 213 51 271 38 99 159 552 434 130 80 472 387 305 485 133 467 418 197 255 207 630 393 30 124 155 248 371 541 317 341 412 128 259 554 413 519 6 264 486 119 542 71 364 257 639 87 47 242 245 358 179 343 534 473 160 111 414 558 152 605 415 588 509 373 304 221 168 512 83 636 327 481 377 277 267 120 576 405 58 250 380 109 81 0 311 72 76 140 270 191 340 564 335 464 145 517 137 360 468 365 480 103 22 545 533 275 123 500 502 40 400 236 326 397 118 629 392 69 325 284 611 409 430 465 52 565 226 474 427 447 624 556 321 320 440 85 477 615 153 368 342 483 182 258 598 45 198 514 21 86 580 443 451 601 44 318 12 107 176 188 442 234 206 177 575 262 439 272 361 435 84 148 239 566 511 398 265 354 73 299 382 561 39 525 115 302 437 42 328 459 401 582 425 241 199 404 583 292 91 180 610 65 82]]]></system-out>
  </testcase>
  <testcase name="testAppRandomArrays" classname="io.ssrl.AppTest" time="0.002">
    <system-out><![CDATA[ ~ Unione di due array, senza duplicati.

~$ Primo array:
[553 94 205 353 311 376 466 254 18 326 326 202 76 460 598 574 239 109 633 43 301 155 339 39 31 411 419 132 186 579 519 585 487 538 312 65 425 617 229 269 375 251 642 172 198 280 142 455 479 613 561 88 323 130 258 459 593 619 482 528 433 332 395 190 544 25 164 125 238 67 24 64 295 266 191 70 373 56 384 225 29 411 429 215 214 3 314 428 299 495 91 492 462 593 290 212 510 291 580 325 220 333 264 625 26 627 471 615 555 247 156 262 46 588 260 222 131 420 479 326 521 325 572 267 110 89 237 161 558 77 311 500 186 289 273 495 244 235 632 597 26 429 604 103 168 244 338 481 46 585 483 25 485 596 636 30 236 529 484 3 637 472 482 90 371 51 520 154 373 494 110 218 159 246 463 110 617 305 625 608 138 294 129 331 644 224 459 294 559 39 0 566 639 270 462 306 19 168 645 505 91 369 316 494 97 451 431 368 154 224 402 268 282 42 283 446 46 55 95 422 618 468 513 540 432 570 259 53 299 380 238 78 274 478 140 175 266 211 206 83 554 526 245 370 624 551 113 274 550 167 8 298 27 520]
~$ Secondo array:
[209 233 250 21 264 183 218 192 244 152 261 26 106 125 261 83 360 339 198 259 286 332 254 344 340 184 306 258 60 53 246 348 174 80 216 335 341 249 26 113 164 187 344 311 179 271 214 240 365 338 61 6 232 87 199 39 227 259 145 258 11 336 137 78 92 39 348 286 44 8 106 136 150 121 306 189 169 108 357 268 325 339 178 248 320 21 342 145 185 238 179 146 331 9 69 95 215 52 59 94 167 225 275 93 287 258 142 307 8 227 267 112 246 82 182 354 226 361 251 56 119 218 155 110 158 297 139 5 300 258 271 73 250 208 264 283 354 341 293 266 49]

~~~ Unione:
[553 94 205 353 311 376 466 254 18 326 202 76 460 598 574 239 109 633 43 301 155 339 39 31 411 419 132 186 579 519 585 487 538 312 65 425 617 229 269 375 251 642 172 198 280 142 455 479 613 561 88 323 130 258 459 593 619 482 528 433 332 395 190 544 25 164 125 238 67 24 64 295 266 191 70 373 56 384 225 29 429 215 214 3 314 428 299 495 91 492 462 290 212 510 291 580 325 220 333 264 625 26 627 471 615 555 247 156 262 46 588 260 222 131 420 521 572 267 110 89 237 161 558 77 500 289 273 244 235 632 597 604 103 168 338 481 483 485 596 636 30 236 529 484 637 472 90 371 51 520 154 494 218 159 246 463 305 608 138 294 129 331 644 224 559 0 566 639 270 306 19 645 505 369 316 97 451 431 368 402 268 282 42 283 446 55 95 422 618 468 513 540 432 570 259 53 380 78 274 478 140 175 211 206 83 554 526 245 370 624 551 113 550 167 8 298 27 209 233 250 21 183 192 152 261 106 360 286 344 340 184 60 348 174 80 216 335 341 249 187 179 271 240 365 61 6 232 87 199 227 145 11 336 137 92 44 136 150 121 189 169 108 357 178 248 320 342 185 146 9 69 52 59 275 93 287 307 112 82 182 354 226 361 119 158 297 139 5 300 73 208 293 49]]]></system-out>
  </testcase>
  <testcase name="testAppRandomArrays" classname="io.ssrl.AppTest" time="0.003">
    <system-out><![CDATA[ ~ Unione di due array, senza duplicati.

~$ Primo array:
[340 186 465 197 438 353 168 571 417 181 405 450 97 516 388 6 110 450 187 585 236 293 503 452 265 79 534 402 369 298 291 262 574 129 6 76 505 360 42 178 82 608 236 97 99 373 42 432 475 374 344 297 497 573 208 525 366 349 410 561 462 331 90 536 282 513 291 469 478 355 370 552 339 501 57 188 93 186 216 609 413 612 313 187 289 412 69 160 19 433 146 132 534 497 26 497 351 117 380 317 161 449 302 505 392 82 437 594 570 296 212 494 364 194 260 551 415 39 586 582 166 617 450 293 393 125 383 111 439 128 431 338 181 34 275 460 68 53 221 69 213 317 459 222 227 605 203 512 51 474 428 221 248 306 463 383 63 376 57 135 372 85 484 523 9 605 33 335 492 355 511 73 469 330 533 133 364 303 241 416 207 178 392 40 78 360 522 616 163 172 528 341 413 181 420 40 27 563 610 198 434 199 344 165 237 235 602 267 189 561 605 225 145 477 343 383 401 92 513 1 333 513 571 110 444 113 363 457 282 524 312 523 578 178 571 263 33 116 134 530 457 583 428 337 132 591 551 345 225 211 70 509 355 222 533 482 212 382 532 448 195 33 140 43 561 238 100 566 126 310 394 318 433 509 94 65 175 464 174 46 180 97 407 113 205 574 170 379 195 570 118 189 254 1 418 487 536 95 597 31 104 377 529 215 255 335 162 537 71 579 412 184 564 618 219 415 466 3 134 252 463 209 495 501 281 557 570 207 452 90 41 568 618 457 246 509 522 528 75 572 185 173 208 97 64 407 109 217 27 37 273 225 177 367 339 239 271 95 530 292 104 65 166 35 254 591 93 141 244 68 271 72 553 600 436 161 94 617]
~$ Secondo array:
[12 46 13 28 31 12 10 23 43 40 12 7 23 32 42 28 41 20 45 5 22 21 17 36 11 12 13 27 11 2 15 33 29 46 17 16 26 4 31 15 8 12 34 17 46 14 22 9 35 29 1 11 19 26 11 48 9 8 39 22 28 42 40 20 37 6 18 45 49 1 3 40 17 28 37 33 42 10 10 34 4 39 31 41 18 38 31 22 27 50 39 21 16 32 12 38 46 33 41 5 13 49 15 12 36 37]

~~~ Unione:
[340 186 465 197 438 353 168 571 417 181 405 450 97 516 388 6 110 187 585 236 293 503 452 265 79 534 402 369 298 291 262 574 129 76 505 360 42 178 82 608 99 373 432 475 374 344 297 497 573 208 525 366 349 410 561 462 331 90 536 282 513 469 478 355 370 552 339 501 57 188 93 216 609 413 612 313 289 412 69 160 19 433 146 132 26 351 117 380 317 161 449 302 392 437 594 570 296 212 494 364 194 260 551 415 39 586 582 166 617 393 125 383 111 439 128 431 338 34 275 460 68 53 221 213 459 222 227 605 203 512 51 474 428 248 306 463 63 376 135 372 85 484 523 9 33 335 492 511 73 330 533 133 303 241 416 207 40 78 522 616 163 172 528 341 420 27 563 610 198 434 199 165 237 235 602 267 189 225 145 477 343 401 92 1 333 444 113 363 457 524 312 578 263 116 134 530 583 337 591 345 211 70 509 482 382 532 448 195 140 43 238 100 566 126 310 394 318 94 65 175 464 174 46 180 407 205 170 379 118 254 418 487 95 597 31 104 377 529 215 255 162 537 71 579 184 564 618 219 466 3 252 209 495 281 557 41 568 246 75 572 185 173 64 109 217 37 273 177 367 239 271 292 35 141 244 72 553 600 436 12 13 28 10 23 7 32 20 45 5 22 21 17 36 11 2 15 29 16 4 8 14 48 18 49 38 50]]]></system-out>
  </testcase>
  <testcase name="testAppRandomArrays" classname="io.ssrl.AppTest" time="0.039">
    <system-out><![CDATA[ ~ Unione di due array, senza duplicati.

~$ Primo array:
[31 15 11 28 39 13 1 11 38 25 37 6 6 12 0 2 8 35 35 3 0 1 37 22 36 14 23 0 11 27 12 15 2 9 12 11 33 38 8 31 13 19 7 2 30 4 31 37 9 12 16 17 32 29 26 30 20 9 22 26 37 17 34 12 16 7 38 36 23 1 20 1 23 13 5 6 11 19 13 2 37 36 24 26 5 5 31 37 18 24 27 36 13 31 18 37 29 13 30 19 36 35 34 27 33 36 25 12 15 30 39 28 27 37 17 12 3 22 32 23 17 5 32 20 6 11 39 5 4 15 8 12 28 16 15 33 14 4 8 10 23 16 16 8 29 29 13 17 13 35 1 24 13 5 17 5 14 16 21 26 33 25 32 3 35 10 6 33 3 17 21 35 16 6 29 25 7 22 1 15 33 32 7 11 20 28 28 35 16 19 8 5 10 23 17 37 29 8 28 4 12 39 14 19 36 11 16 13 14 29 25 9 26 26 29 36 15 38 3 10 8 31 21 13 24 37 1 36 30 35 28 1 11 10 29 15 0 35 39 29 13 39 33 36 37 37 8 1 37 22 36 23 26 9 23 12 34 38 2 6 10 25 34 34 15 6 31 25 9 19 37 24 33 6 28 26 28 11 26 36 7 2 17 4 18 20 2 7 33 32 8 14 37 22 2 4 34 30 8 23 25 38 31 16 6 39 7 1 28 34 17 26 12 5 22 7 20 4 35 2 36 29 9 8 35 28 1 19 8 16 36 36 6 24 8 10 23 14 22 3 9 30 24 22 13 34 1 35 4 22 5 24 36 2 39 17 9 18 1 34 31 14 22 4 2 22 36 34 32 30 13 14 39 26 36]
~$ Secondo array:
[447 39 477 282 151 242 385 238 451 339 365 203 435 315 499 462 193 189 27 509 361 319 358 14 232 124 296 500 471 167 260 336 297 328 91 288 92 305 154 294 483 190 288 335 262 119 318 441 493 183 424 395 170 278 22 461 317 338 421 487 138 15 213 158 77 372 415 378 357 409 419 358 359 489 60 369 375 271 276 515 275 448 172 163 450 316 281 399 33 131 385 123 195 121 354 121 109 77 408 64 117 187 451 267 164 493 125 101 243 233 353 483 401 205 179 317 485 428 469 272 466 41 26 383 114 415 305 6 132 369 463 169 82 109 164 513 371 308 222 229 199 43 482 341 356 455 372 512 193 353 2 206 245 201 328 290 376 446 383 14 65 72 108 461 500 133 482 113 479 222 481 452 115 75 401 285 390 383 379 296 124 39 17 226 234 395 42 87 87 110 300 481 46 262 331 289 274 311 104 425 67 12 134 31 417 419 449 213 379 195 134 21 353 191 418 14 312 463 472 299 387 392 206 462 246 455 446 282 479 353 383 373 251 457 43 378 150 120 214 339 54 445 49 106 192 132 414 89 437 167 156 350 234 441 264 462 81 303 186 62 411 279 289 112 73 140 362 438 207 0 212 107 203 384 138 305 14 196 2 178 242 182 215 476 464 210 500 26 478 412 433 122 341 39 489 484 360 171 491 240 494 491 297 341 13 32 82 348 372 87 457 423 13 208 91 281 391 114 488 39 97 350 512 230 487 352 232 415 134 511 351 111 267 494 109 107 314 7 46 39 346 496 402 311 448 220 22 340 161 12 202 225 49 457 382 70 460 38 389 496 78 304 318 219 169 24 148 483 301 97 98 386 382 103 462 204 388 68 237 218 254 319 314 114 366 320 301 96 167 309 469 410 323 262 515 295 74 493 478 104 68 220 85 496 176 445 120 447 422 7 13 298 205 396 48 513 1 333 92 74 39 375 271 443 483 252 464 25 137 498 502 244 292 164 92 328 216 381 463 382 20 239 158 347 155 213 309 324 268 204 155 460 214 53 242 315 115 210 385 337 300 467 394 236 191 50 261 453 173 56 141 295 471 277 332 493 134 261 453 296 297 501 43 458 210 108 429 204 307 352 81 97 192]

~~~ Unione:
[31 15 11 28 39 13 1 38 25 37 6 12 0 2 8 35 3 22 36 14 23 27 9 33 19 7 30 4 16 17 32 29 26 20 34 5 24 18 10 21 447 477 282 151 242 385 238 451 339 365 203 435 315 499 462 193 189 509 361 319 358 232 124 296 500 471 167 260 336 297 328 91 288 92 305 154 294 483 190 335 262 119 318 441 493 183 424 395 170 278 461 317 338 421 487 138 213 158 77 372 415 378 357 409 419 359 489 60 369 375 271 276 515 275 448 172 163 450 316 281 399 131 123 195 121 354 109 408 64 117 187 267 164 125 101 243 233 353 401 205 179 485 428 469 272 466 41 383 114 132 463 169 82 513 371 308 222 229 199 43 482 341 356 455 512 206 245 201 290 376 446 65 72 108 133 113 479 481 452 115 75 285 390 379 226 234 42 87 110 300 46 331 289 274 311 104 425 67 134 417 449 191 418 312 472 299 387 392 246 373 251 457 150 120 214 54 445 49 106 192 414 89 437 156 350 264 81 303 186 62 411 279 112 73 140 362 438 207 212 107 384 196 178 182 215 476 464 210 478 412 433 122 484 360 171 491 240 494 348 423 208 391 488 97 230 352 511 351 111 314 346 496 402 220 340 161 202 225 382 70 460 389 78 304 219 148 301 98 386 103 204 388 68 237 218 254 366 320 96 309 410 323 295 74 85 176 422 298 396 48 333 443 252 137 498 502 244 292 216 381 239 347 155 324 268 53 337 467 394 236 50 261 453 173 56 141 277 332 501 458 429 307]]]></system-out>
  </testcase>
  <testcase name="testAppEmptyArgs" classname="io.ssrl.AppTest" time="0.001">
    <system-out><![CDATA[ ~ Unione di due array, senza duplicati.
String[] args deve contenere stringhe valide, es:

  ~$ <path>/TestJoinArrays "3 2 4 7 4 5" "3 1 9"
]]></system-out>
  </testcase>
</testsuite>